<?xml version="1.0" encoding="UTF-8"?>
<!-- Generated by org.testng.reporters.JUnitReportReporter -->
<testsuite hostname="Aparna" failures="0" tests="1" name="DemoTestNG.AddDataToExcel" time="0.046" errors="0" timestamp="2024-04-21T16:53:36 IST" skipped="0">
  <testcase classname="DemoTestNG.AddDataToExcel" name="setData" time="0.046"/>
  <system-out/>
</testsuite> <!-- DemoTestNG.AddDataToExcel -->
