<?xml version="1.0" encoding="UTF-8"?>
<!-- Generated by org.testng.reporters.JUnitReportReporter -->
<testsuite hostname="Aparna" failures="0" tests="1" name="DemoTestNG.ReadExcelFile" time="0.024" errors="0" timestamp="2024-04-22T15:03:58 IST" skipped="0">
  <testcase classname="DemoTestNG.ReadExcelFile" name="getRow" time="0.024"/>
  <system-out/>
</testsuite> <!-- DemoTestNG.ReadExcelFile -->
