<?xml version="1.0" encoding="UTF-8"?>
<!-- Generated by org.testng.reporters.JUnitReportReporter -->
<testsuite hostname="Aparna" failures="0" tests="1" name="DemoTestNG.DataProperties" time="4.605" errors="0" timestamp="2024-04-21T05:49:08 IST" skipped="0">
  <testcase classname="DemoTestNG.DataProperties" name="FetchData" time="4.605"/>
  <system-out/>
</testsuite> <!-- DemoTestNG.DataProperties -->
