<?xml version="1.0" encoding="UTF-8"?>
<!-- Generated by org.testng.reporters.JUnitReportReporter -->
<testsuite hostname="Aparna" failures="0" tests="5" name="DemoTestNG.LoginGetUserIdAssignment" time="64.826" errors="0" timestamp="2024-05-10T16:24:49 IST" skipped="0">
  <testcase classname="DemoTestNG.LoginGetUserIdAssignment" name="firstLogin" time="4.044"/>
  <system-out/>
  <testcase classname="DemoTestNG.LoginGetUserIdAssignment" name="afterLoginDashboard" time="3.192"/>
  <system-out/>
  <testcase classname="DemoTestNG.LoginGetUserIdAssignment" name="fetchExcelData" time="36.564"/>
  <system-out/>
  <testcase classname="DemoTestNG.LoginGetUserIdAssignment" name="loginAgain" time="0.421"/>
  <system-out/>
  <testcase classname="DemoTestNG.LoginGetUserIdAssignment" name="deleteRecord" time="20.605"/>
  <system-out/>
</testsuite> <!-- DemoTestNG.LoginGetUserIdAssignment -->
