<?xml version="1.0" encoding="UTF-8"?>
<!-- Generated by org.testng.reporters.JUnitReportReporter -->
<testsuite hostname="Aparna" failures="0" tests="1" name="MyWebDriverDemo.ClientClass" time="0.378" errors="0" timestamp="2024-04-25T19:39:43 IST" skipped="0">
  <testcase classname="MyWebDriverDemo.ClientClass" name="ActualTestCaseBody" time="0.378"/>
  <system-out/>
</testsuite> <!-- MyWebDriverDemo.ClientClass -->
