<?xml version="1.0" encoding="UTF-8"?>
<!-- Generated by org.testng.reporters.JUnitReportReporter -->
<testsuite hostname="Aparna" failures="0" tests="4" name="DemoTestNG.DataProviderDemo" time="23.441" errors="0" timestamp="2024-04-21T04:52:33 IST" skipped="0">
  <testcase classname="DemoTestNG.DataProviderDemo" name="fun" time="4.824"/>
  <system-out/>
  <testcase classname="DemoTestNG.DataProviderDemo" name="fun" time="7.911"/>
  <system-out/>
  <testcase classname="DemoTestNG.DataProviderDemo" name="fun" time="4.596"/>
  <system-out/>
  <testcase classname="DemoTestNG.DataProviderDemo" name="fun" time="6.110"/>
  <system-out/>
</testsuite> <!-- DemoTestNG.DataProviderDemo -->
