<?xml version="1.0" encoding="UTF-8"?>
<!-- Generated by org.testng.reporters.JUnitReportReporter -->
<testsuite hostname="Aparna" failures="0" tests="5" name="DemoTestNG.LoginGetUserIdAssignment" time="62.936" errors="0" timestamp="2024-05-09T14:00:43 IST" skipped="0">
  <testcase classname="DemoTestNG.LoginGetUserIdAssignment" name="firstLogin" time="2.117"/>
  <system-out/>
  <testcase classname="DemoTestNG.LoginGetUserIdAssignment" name="afterLoginDashboard" time="3.385"/>
  <system-out/>
  <testcase classname="DemoTestNG.LoginGetUserIdAssignment" name="fetchExcelData" time="36.314"/>
  <system-out/>
  <testcase classname="DemoTestNG.LoginGetUserIdAssignment" name="loginAgain" time="0.572"/>
  <system-out/>
  <testcase classname="DemoTestNG.LoginGetUserIdAssignment" name="deleteRecord" time="20.548"/>
  <system-out/>
</testsuite> <!-- DemoTestNG.LoginGetUserIdAssignment -->
