<?xml version="1.0" encoding="UTF-8"?>
<!-- Generated by org.testng.reporters.JUnitReportReporter -->
<testsuite hostname="Aparna" failures="0" tests="1" name="DemoTestNG.POMClientClass" time="2.304" errors="0" timestamp="2024-04-23T16:01:10 IST" skipped="0">
  <testcase classname="DemoTestNG.POMClientClass" name="callFunctions" time="2.304"/>
  <system-out/>
</testsuite> <!-- DemoTestNG.POMClientClass -->
