<?xml version="1.0" encoding="UTF-8"?>
<!-- Generated by org.testng.reporters.JUnitReportReporter -->
<testsuite hostname="Aparna" failures="0" tests="3" name="DemoTestNG.FirstDemoTestNG" time="68.102" errors="0" timestamp="2024-04-16T20:18:43 IST" skipped="0">
  <testcase classname="DemoTestNG.FirstDemoTestNG" name="a2" time="49.667"/>
  <system-out/>
  <testcase classname="DemoTestNG.FirstDemoTestNG" name="a3" time="8.375"/>
  <system-out/>
  <testcase classname="DemoTestNG.FirstDemoTestNG" name="a1" time="10.060"/>
  <system-out/>
</testsuite> <!-- DemoTestNG.FirstDemoTestNG -->
