<?xml version="1.0" encoding="UTF-8"?>
<!-- Generated by org.testng.reporters.JUnitReportReporter -->
<testsuite hostname="Aparna" failures="0" tests="1" name="com.CRM.TestCase.LoginPageTest" time="2.727" errors="0" timestamp="2024-05-14T04:54:32 IST" skipped="0">
  <testcase classname="com.CRM.TestCase.LoginPageTest" name="validateLogin" time="2.727"/>
  <system-out/>
</testsuite> <!-- com.CRM.TestCase.LoginPageTest -->
