<?xml version="1.0" encoding="UTF-8"?>
<!-- Generated by org.testng.reporters.JUnitReportReporter -->
<testsuite hostname="DELL" failures="0" tests="2" name="com.CRM.TestCase.DashboardPageTest" time="10.500" errors="0" timestamp="2024-05-27T06:35:34 IST" skipped="0">
  <testcase classname="com.CRM.TestCase.DashboardPageTest" name="validateDashboard" time="9.494"/>
  <system-out/>
  <testcase classname="com.CRM.TestCase.DashboardPageTest" name="UserLogout" time="1.006"/>
  <system-out/>
</testsuite> <!-- com.CRM.TestCase.DashboardPageTest -->
