<?xml version="1.0" encoding="UTF-8"?>
<!-- Generated by org.testng.reporters.JUnitReportReporter -->
<testsuite hostname="DELL" failures="0" tests="3" name="BDD_examples.NewUserSameUpdateDelete" time="6.661" errors="0" timestamp="2024-05-28T17:44:46 IST" skipped="0">
  <testcase classname="BDD_examples.NewUserSameUpdateDelete" name="deleteSameUser" time="4.029"/>
  <system-out/>
  <testcase classname="BDD_examples.NewUserSameUpdateDelete" name="createNewUser" time="2.212"/>
  <system-out/>
  <testcase classname="BDD_examples.NewUserSameUpdateDelete" name="sameUserUpdate" time="0.420"/>
  <system-out/>
</testsuite> <!-- BDD_examples.NewUserSameUpdateDelete -->
