<?xml version="1.0" encoding="UTF-8"?>
<!-- Generated by org.testng.reporters.JUnitReportReporter -->
<testsuite hostname="Aparna" failures="0" tests="2" name="BDD_examples.BDD_GET_Request" time="8.455" errors="0" timestamp="2024-05-18T06:07:52 IST" skipped="0">
  <testcase classname="BDD_examples.BDD_GET_Request" name="Get_GoogleTest" time="8.061"/>
  <system-out/>
  <testcase classname="BDD_examples.BDD_GET_Request" name="Get_GoogleTest_getResponse" time="0.394"/>
  <system-out/>
</testsuite> <!-- BDD_examples.BDD_GET_Request -->
