<?xml version="1.0" encoding="UTF-8"?>
<!-- Generated by org.testng.reporters.JUnitReportReporter -->
<testsuite hostname="DELL" failures="0" tests="1" name="BDD_examples.GET_users_List" time="4.267" errors="0" timestamp="2024-05-27T16:08:39 IST" skipped="0">
  <testcase classname="BDD_examples.GET_users_List" name="GETUsersPagination" time="4.267"/>
  <system-out/>
</testsuite> <!-- BDD_examples.GET_users_List -->
