<?xml version="1.0" encoding="UTF-8"?>
<!-- Generated by org.testng.reporters.JUnitReportReporter -->
<testsuite hostname="DELL" failures="0" tests="1" name="BDD_examples.OAuthTestCase" time="8.821" errors="0" timestamp="2024-05-28T19:09:53 IST" skipped="0">
  <testcase classname="BDD_examples.OAuthTestCase" name="OAuthTest" time="8.821"/>
  <system-out/>
</testsuite> <!-- BDD_examples.OAuthTestCase -->
