<?xml version="1.0" encoding="UTF-8"?>
<!-- Generated by org.testng.reporters.JUnitReportReporter -->
<testsuite hostname="Aparna" failures="0" tests="2" name="BDD_examples.POST_RequestWays" time="5.314" errors="0" timestamp="2024-05-20T07:32:49 IST" skipped="0">
  <testcase classname="BDD_examples.POST_RequestWays" name="PostWithMap" time="4.838"/>
  <system-out/>
  <testcase classname="BDD_examples.POST_RequestWays" name="PojoWay" time="0.476"/>
  <system-out/>
</testsuite> <!-- BDD_examples.POST_RequestWays -->
