<?xml version="1.0" encoding="UTF-8"?>
<!-- Generated by org.testng.reporters.JUnitReportReporter -->
<testsuite hostname="Aparna" failures="0" tests="1" name="BDD_examples.UpdateDelete" time="4.652" errors="0" timestamp="2024-05-20T07:48:02 IST" skipped="0">
  <testcase classname="BDD_examples.UpdateDelete" name="UpdateRecord" time="4.652"/>
  <system-out/>
</testsuite> <!-- BDD_examples.UpdateDelete -->
