<?xml version="1.0" encoding="UTF-8"?>
<!-- Generated by org.testng.reporters.JUnitReportReporter -->
<testsuite hostname="DELL" failures="0" tests="1" name="BDD_examples.GetCookies" time="3.531" errors="0" timestamp="2024-05-29T00:35:07 IST" skipped="0">
  <testcase classname="BDD_examples.GetCookies" name="GetCookiesTest" time="3.531"/>
  <system-out/>
</testsuite> <!-- BDD_examples.GetCookies -->
