<?xml version="1.0" encoding="UTF-8"?>
<!-- Generated by org.testng.reporters.JUnitReportReporter -->
<testsuite hostname="Aparna" failures="0" tests="1" name="BDD_examples.GET_RequestExample" time="4.949" errors="0" timestamp="2024-05-19T15:00:27 IST" skipped="0">
  <testcase classname="BDD_examples.GET_RequestExample" name="ListOFUser_Request" time="4.949"/>
  <system-out/>
</testsuite> <!-- BDD_examples.GET_RequestExample -->
