<?xml version="1.0" encoding="UTF-8"?>
<!-- Generated by org.testng.reporters.JUnitReportReporter -->
<testsuite hostname="DELL" failures="0" tests="2" name="BDD_examples.POST_RequestWays" time="4.957" errors="0" timestamp="2024-05-27T16:00:19 IST" skipped="0">
  <testcase classname="BDD_examples.POST_RequestWays" name="PostWithMap" time="4.524"/>
  <system-out/>
  <testcase classname="BDD_examples.POST_RequestWays" name="PojoWay" time="0.433"/>
  <system-out/>
</testsuite> <!-- BDD_examples.POST_RequestWays -->
