<?xml version="1.0" encoding="UTF-8"?>
<!-- Generated by org.testng.reporters.JUnitReportReporter -->
<testsuite hostname="Aparna" failures="0" tests="1" name="BDD_examples.GET_RequestExample" time="5.707" errors="0" timestamp="2024-05-18T06:33:34 IST" skipped="0">
  <testcase classname="BDD_examples.GET_RequestExample" name="ListOFUser_Request" time="5.707"/>
  <system-out/>
</testsuite> <!-- BDD_examples.GET_RequestExample -->
