<?xml version="1.0" encoding="UTF-8"?>
<!-- Generated by org.testng.reporters.JUnitReportReporter -->
<testsuite hostname="DELL" failures="0" tests="1" name="BDD_examples.QueryPathParamsTest" time="3.324" errors="0" timestamp="2024-05-28T21:29:04 IST" skipped="0">
  <testcase classname="BDD_examples.QueryPathParamsTest" name="QueryParamsTest" time="3.324"/>
  <system-out/>
</testsuite> <!-- BDD_examples.QueryPathParamsTest -->
