<?xml version="1.0" encoding="UTF-8"?>
<!-- Generated by org.testng.reporters.JUnitReportReporter -->
<testsuite hostname="DELL" failures="0" tests="1" name="AppiumDemo.DriverSessionWithAppPackageAppActivity" time="35.994" errors="0" timestamp="2024-05-27T12:40:28 IST" skipped="0">
  <testcase classname="AppiumDemo.DriverSessionWithAppPackageAppActivity" name="testSession" time="35.994"/>
  <system-out/>
</testsuite> <!-- AppiumDemo.DriverSessionWithAppPackageAppActivity -->
