<?xml version="1.0" encoding="UTF-8"?>
<!-- Generated by org.testng.reporters.JUnitReportReporter -->
<testsuite hostname="Aparna" failures="0" tests="1" name="AppiumDemo.DriverSessionWithAppPackageAppActivity" time="14.902" errors="0" timestamp="2024-05-24T17:47:55 IST" skipped="0">
  <testcase classname="AppiumDemo.DriverSessionWithAppPackageAppActivity" name="testSession" time="14.902"/>
  <system-out/>
</testsuite> <!-- AppiumDemo.DriverSessionWithAppPackageAppActivity -->
