<?xml version="1.0" encoding="UTF-8"?>
<!-- Generated by org.testng.reporters.JUnitReportReporter -->
<testsuite hostname="DELL" failures="0" tests="1" name="AppiumDemo.LocatorsDemo" time="33.176" errors="0" timestamp="2024-05-27T17:30:52 IST" skipped="0">
  <testcase classname="AppiumDemo.LocatorsDemo" name="testLocators" time="33.176"/>
  <system-out/>
</testsuite> <!-- AppiumDemo.LocatorsDemo -->
