<?xml version="1.0" encoding="UTF-8"?>
<!-- Generated by org.testng.reporters.JUnitReportReporter -->
<testsuite hostname="DELL" failures="0" tests="1" name="ElementsWithGestures.DrangDropAssignment" time="8.771" errors="0" timestamp="2024-05-30T16:23:16 IST" skipped="0">
  <testcase classname="ElementsWithGestures.DrangDropAssignment" name="dragDrop" time="8.771"/>
  <system-out/>
</testsuite> <!-- ElementsWithGestures.DrangDropAssignment -->
