<?xml version="1.0" encoding="UTF-8"?>
<!-- Generated by org.testng.reporters.JUnitReportReporter -->
<testsuite hostname="Aparna" failures="0" tests="1" name="AppiumDemo.LocatorsDemo" time="24.439" errors="0" timestamp="2024-05-24T18:57:43 IST" skipped="0">
  <testcase classname="AppiumDemo.LocatorsDemo" name="testLocators" time="24.439"/>
  <system-out/>
</testsuite> <!-- AppiumDemo.LocatorsDemo -->
