<?xml version="1.0" encoding="UTF-8"?>
<!-- Generated by org.testng.reporters.JUnitReportReporter -->
<testsuite hostname="DELL" failures="0" tests="1" name="AppiumDemo.APIDemosTakeScreenshot" time="18.095" errors="0" timestamp="2024-05-31T13:58:34 IST" skipped="0">
  <testcase classname="AppiumDemo.APIDemosTakeScreenshot" name="screenShot" time="18.095"/>
  <system-out/>
</testsuite> <!-- AppiumDemo.APIDemosTakeScreenshot -->
