<?xml version="1.0" encoding="UTF-8"?>
<!-- Generated by org.testng.reporters.JUnitReportReporter -->
<testsuite hostname="Aparna" failures="0" tests="1" name="AppiumDemo.DriverSessionWithUiAutomator" time="16.720" errors="0" timestamp="2024-05-24T15:17:20 IST" skipped="0">
  <testcase classname="AppiumDemo.DriverSessionWithUiAutomator" name="testSession" time="16.720"/>
  <system-out/>
</testsuite> <!-- AppiumDemo.DriverSessionWithUiAutomator -->
