<?xml version="1.0" encoding="UTF-8"?>
<!-- Generated by org.testng.reporters.JUnitReportReporter -->
<testsuite hostname="DELL" failures="0" tests="1" name="AppiumDemo.FirstDriverSession" time="26.762" errors="0" timestamp="2024-05-27T12:36:11 IST" skipped="0">
  <testcase classname="AppiumDemo.FirstDriverSession" name="testSession" time="26.762"/>
  <system-out/>
</testsuite> <!-- AppiumDemo.FirstDriverSession -->
