<?xml version="1.0" encoding="UTF-8"?>
<!-- Generated by org.testng.reporters.JUnitReportReporter -->
<testsuite hostname="Aparna" failures="0" tests="1" name="AppiumDemo.FirstDriverSession" time="45.761" errors="0" timestamp="2024-05-23T19:13:38 IST" skipped="0">
  <testcase classname="AppiumDemo.FirstDriverSession" name="testSession" time="45.761"/>
  <system-out/>
</testsuite> <!-- AppiumDemo.FirstDriverSession -->
