<?xml version="1.0" encoding="UTF-8"?>
<!-- Generated by org.testng.reporters.JUnitReportReporter -->
<testsuite hostname="DELL" failures="0" tests="1" name="AppiumDemo.DriverSessionWithUiAutomator" time="20.499" errors="0" timestamp="2024-05-27T12:38:27 IST" skipped="0">
  <testcase classname="AppiumDemo.DriverSessionWithUiAutomator" name="testSession" time="20.499"/>
  <system-out/>
</testsuite> <!-- AppiumDemo.DriverSessionWithUiAutomator -->
