<?xml version="1.0" encoding="UTF-8"?>
<!-- Generated by org.testng.reporters.JUnitReportReporter -->
<testsuite hostname="Aparna" failures="0" tests="1" name="seliniumGridUsingDocker.ChromeTest" time="38.108" errors="0" timestamp="2024-05-21T15:14:34 IST" skipped="0">
  <testcase classname="seliniumGridUsingDocker.ChromeTest" name="testGridSetup" time="38.108"/>
  <system-out/>
</testsuite> <!-- seliniumGridUsingDocker.ChromeTest -->
