<?xml version="1.0" encoding="UTF-8"?>
<!-- Generated by org.testng.reporters.JUnitReportReporter -->
<testsuite hostname="Aparna" failures="0" tests="3" name="seliniumGridUsingDocker.ParallelTest" time="222.947" errors="0" timestamp="2024-05-21T17:15:47 IST" skipped="0">
  <testcase classname="seliniumGridUsingDocker.ParallelTest" name="ParallelBrowserExecution" time="64.652"/>
  <system-out/>
  <testcase classname="seliniumGridUsingDocker.ParallelTest" name="ParallelBrowserExecution" time="79.002"/>
  <system-out/>
  <testcase classname="seliniumGridUsingDocker.ParallelTest" name="ParallelBrowserExecution" time="79.293"/>
  <system-out/>
</testsuite> <!-- seliniumGridUsingDocker.ParallelTest -->
