<?xml version="1.0" encoding="UTF-8"?>
<!-- Generated by org.testng.reporters.JUnitReportReporter -->
<testsuite hostname="Aparna" failures="0" tests="2" name="com.CRM.TestCase.DashboardPageTest" time="11.068" errors="0" timestamp="2024-05-20T15:44:53 IST" skipped="0">
  <testcase classname="com.CRM.TestCase.DashboardPageTest" name="validateDashboard" time="9.882"/>
  <system-out/>
  <testcase classname="com.CRM.TestCase.DashboardPageTest" name="UserLogout" time="1.186"/>
  <system-out/>
</testsuite> <!-- com.CRM.TestCase.DashboardPageTest -->
