<?xml version="1.0" encoding="UTF-8"?>
<!-- Generated by org.testng.reporters.JUnitReportReporter -->
<testsuite hostname="Aparna" failures="0" tests="3" name="seliniumGridUsingDocker.ParallelTest" time="232.673" errors="0" timestamp="2024-05-21T18:42:52 IST" skipped="0">
  <testcase classname="seliniumGridUsingDocker.ParallelTest" name="ParallelBrowserExecution" time="79.431"/>
  <system-out/>
  <testcase classname="seliniumGridUsingDocker.ParallelTest" name="ParallelBrowserExecution" time="75.605"/>
  <system-out/>
  <testcase classname="seliniumGridUsingDocker.ParallelTest" name="ParallelBrowserExecution" time="77.637"/>
  <system-out/>
</testsuite> <!-- seliniumGridUsingDocker.ParallelTest -->
