<?xml version="1.0" encoding="UTF-8"?>
<!-- Generated by org.testng.reporters.JUnitReportReporter -->
<testsuite hostname="Aparna" failures="0" tests="2" name="com.CRM.TestCase.DashboardPageTest" time="5.933" errors="0" timestamp="2024-05-09T18:02:19 IST" skipped="0">
  <testcase classname="com.CRM.TestCase.DashboardPageTest" name="validateDashboard" time="4.289"/>
  <system-out/>
  <testcase classname="com.CRM.TestCase.DashboardPageTest" name="UserLogout" time="1.644"/>
  <system-out/>
</testsuite> <!-- com.CRM.TestCase.DashboardPageTest -->
