<?xml version="1.0" encoding="UTF-8"?>
<!-- Generated by org.testng.reporters.JUnitReportReporter -->
<testsuite hostname="Aparna" failures="0" tests="1" name="com.CRM.TestCase.LoginPageTest" time="2.146" errors="0" timestamp="2024-05-09T18:16:49 IST" skipped="0">
  <testcase classname="com.CRM.TestCase.LoginPageTest" name="validateLogin" time="2.146"/>
  <system-out/>
</testsuite> <!-- com.CRM.TestCase.LoginPageTest -->
