<?xml version="1.0" encoding="UTF-8"?>
<!-- Generated by org.testng.reporters.JUnitReportReporter -->
<testsuite hostname="Aparna" failures="0" tests="1" name="seliniumGridUsingDocker.ChromeTest" time="29.250" errors="0" timestamp="2024-05-15T20:03:51 IST" skipped="0">
  <testcase classname="seliniumGridUsingDocker.ChromeTest" name="testGridSetup" time="29.250"/>
  <system-out/>
</testsuite> <!-- seliniumGridUsingDocker.ChromeTest -->
